<?xml version="1.0" encoding="UTF-8"?>
<!-- Generated by org.testng.reporters.JUnitXMLReporter -->
<testsuite hostname="zuoqiang-PC" name="Default test" tests="4" failures="0" timestamp="14 Apr 2016 06:43:27 GMT" time="64.992" errors="0">
  <testcase name="addHost" time="0.891" classname="org.inspur.ics.client.autotest.ClusterServiceTest"/>
  <testcase name="getAllCluster" time="0.453" classname="org.inspur.ics.client.autotest.ClusterServiceTest"/>
  <testcase name="getAllHeartbeatDevice" time="0.001" classname="org.inspur.ics.client.autotest.ClusterServiceTest"/>
  <testcase name="init" time="0.795" classname="org.inspur.ics.client.autotest.ClusterServiceTest"/>
</testsuite> <!-- Default test -->
