<?xml version="1.0" encoding="UTF-8"?>
<!-- Generated by org.testng.reporters.JUnitXMLReporter -->
<testsuite hostname="zuoqiang-PC" name="Default test" tests="3" failures="0" timestamp="12 Apr 2016 07:53:02 GMT" time="2.998" errors="0">
  <testcase name="init" time="0.684" classname="org.inspur.ics.client.autotest.AlarmServiceTest"/>
  <testcase name="testGetAllEvents" time="0.109" classname="org.inspur.ics.client.autotest.AlarmServiceTest"/>
  <testcase name="testUpdateHostAlarmStrategy" time="0.628" classname="org.inspur.ics.client.autotest.AlarmServiceTest"/>
</testsuite> <!-- Default test -->
