<?xml version="1.0" encoding="UTF-8"?>
<!-- Generated by org.testng.reporters.JUnitXMLReporter -->
<testsuite hostname="zuoqiang-PC" name="IcsClientAuto" tests="5" failures="0" timestamp="27 Apr 2016 07:35:37 GMT" time="43.104" errors="0">
  <testcase name="getHostInfo" time="0.307" classname="org.inspur.ics.client.autotest.aaaaatestng"/>
  <testcase name="init" time="1.054" classname="org.inspur.ics.client.autotest.aaaaatestng"/>
  <testcase name="init" time="2.525" classname="org.inspur.ics.client.autotest.AlarmServiceTest"/>
  <testcase name="testGetAllEvents" time="0.434" classname="org.inspur.ics.client.autotest.AlarmServiceTest"/>
  <testcase name="testUpdateHostAlarmStrategy" time="1.292" classname="org.inspur.ics.client.autotest.AlarmServiceTest"/>
</testsuite> <!-- IcsClientAuto -->
